20230217 11:59:39 INFO  [main] base.BaseTest BaseTest.java47 - Started test script
20230217 11:59:43 INFO  [main] base.BaseTest BaseTest.java60 - goint to urlhttps://login.salesforce.com/
20230217 11:59:46 INFO  [main] base.BaseTest BaseTest.java47 - Started test script
20230217 11:59:50 INFO  [main] base.BaseTest BaseTest.java60 - goint to urlhttps://login.salesforce.com/
20230217 11:59:53 INFO  [main] base.BaseTest BaseTest.java47 - Started test script
20230217 11:59:56 INFO  [main] base.BaseTest BaseTest.java60 - goint to urlhttps://login.salesforce.com/
20230217 11:59:59 INFO  [main] base.BaseTest BaseTest.java47 - Started test script
20230217 12:00:01 INFO  [main] base.BaseTest BaseTest.java60 - goint to urlhttps://login.salesforce.com/
20230217 12:00:04 INFO  [main] tests.SalesforceTestAutomation SalesforceTestAutomation.java24 - Inside saesforce error login
20230217 12:00:05 INFO  [main] base.BaseTest BaseTest.java47 - Started test script
20230217 12:00:07 INFO  [main] base.BaseTest BaseTest.java60 - goint to urlhttps://login.salesforce.com/
20230217 12:09:33 INFO  [main] base.BaseTest BaseTest.java47 - Started test script
20230217 12:09:35 INFO  [main] base.BaseTest BaseTest.java60 - goint to urlhttps://login.salesforce.com/
20230217 12:09:37 INFO  [main] tests.SalesforceTestAutomation SalesforceTestAutomation.java24 - Inside saesforce error login
20230217 12:13:28 INFO  [main] base.BaseTest BaseTest.java47 - Started test script
20230217 12:13:30 INFO  [main] base.BaseTest BaseTest.java60 - goint to urlhttps://login.salesforce.com/
20230217 12:13:32 INFO  [main] tests.SalesforceTestAutomation SalesforceTestAutomation.java24 - Inside saesforce error login
20230217 12:16:20 INFO  [main] base.BaseTest BaseTest.java47 - Started test script
20230217 12:16:22 INFO  [main] base.BaseTest BaseTest.java60 - goint to urlhttps://login.salesforce.com/
20230217 12:16:24 INFO  [main] tests.SalesforceTestAutomation SalesforceTestAutomation.java24 - Inside saesforce error login
20230217 12:22:39 INFO  [main] base.BaseTest BaseTest.java47 - Started test script
20230217 12:22:42 INFO  [main] base.BaseTest BaseTest.java60 - goint to urlhttps://login.salesforce.com/
20230217 12:22:44 INFO  [main] tests.SalesforceTestAutomation SalesforceTestAutomation.java24 - Inside saesforce error login
20230217 12:38:14 INFO  [main] base.BaseTest BaseTest.java47 - Started test script
20230217 12:38:18 INFO  [main] base.BaseTest BaseTest.java60 - goint to urlhttps://login.salesforce.com/
20230217 12:38:22 INFO  [main] tests.SalesforceTestAutomation SalesforceTestAutomation.java24 - Inside saesforce error login
20230217 12:39:01 INFO  [main] base.BaseTest BaseTest.java47 - Started test script
20230217 12:39:06 INFO  [main] base.BaseTest BaseTest.java60 - goint to urlhttps://login.salesforce.com/
20230217 14:45:59 INFO  [main] base.BaseTest BaseTest.java44 - Started test script
20230217 14:46:04 INFO  [main] base.BaseTest BaseTest.java57 - goint to urlhttps://login.salesforce.com/
20230217 14:46:07 INFO  [main] tests.SalesforceTestAutomation SalesforceTestAutomation.java24 - Inside saesforce error login
20230217 14:46:13 INFO  [main] base.BasePage BasePage.java67 - pass:loginButton  element clicked
20230217 14:59:22 INFO  [main] base.BaseTest BaseTest.java44 - Started test script
20230217 14:59:26 INFO  [main] base.BaseTest BaseTest.java57 - goint to urlhttps://login.salesforce.com/
20230217 14:59:29 INFO  [main] tests.SalesforceTestAutomation SalesforceTestAutomation.java24 - Inside saesforce error login
20230217 14:59:31 INFO  [main] base.BasePage BasePage.java58 - pass:usernameElement  element cleared
20230217 14:59:33 INFO  [main] base.BasePage BasePage.java58 - pass:Password  element cleared
20230217 15:01:13 INFO  [main] base.BaseTest BaseTest.java44 - Started test script
20230217 15:01:17 INFO  [main] base.BaseTest BaseTest.java57 - goint to urlhttps://login.salesforce.com/
20230217 15:01:22 INFO  [main] base.BasePage BasePage.java58 - pass:usernameElement  element cleared
20230217 15:01:24 INFO  [main] base.BasePage BasePage.java58 - pass:Password  element cleared
20230217 15:01:37 INFO  [main] base.BasePage BasePage.java70 - pass:loginButton  element clicked
20230217 15:04:04 INFO  [main] base.BaseTest BaseTest.java44 - Started test script
20230217 15:04:09 INFO  [main] base.BaseTest BaseTest.java57 - goint to urlhttps://login.salesforce.com/
20230217 15:04:13 INFO  [main] base.BasePage BasePage.java58 - pass:usernameElement  element cleared
20230217 15:04:13 INFO  [main] base.BasePage BasePage.java58 - pass:Password  element cleared
20230217 15:04:14 INFO  [main] base.BasePage BasePage.java70 - pass:remember  element clicked
20230217 15:04:26 INFO  [main] base.BasePage BasePage.java70 - pass:loginButton  element clicked
20230217 15:04:27 INFO  [main] base.BasePage BasePage.java75 - fail:logout element not displayed
20230217 15:04:27 INFO  [main] base.BasePage BasePage.java75 - fail:logout element not displayed
20230217 15:04:40 INFO  [main] base.BaseTest BaseTest.java44 - Started test script
20230217 15:04:45 INFO  [main] base.BaseTest BaseTest.java57 - goint to urlhttps://login.salesforce.com/
20230217 15:04:50 INFO  [main] base.BasePage BasePage.java58 - pass:usernameElement  element cleared
20230217 15:04:51 INFO  [main] base.BasePage BasePage.java70 - pass:forgotPass  element clicked
20230217 15:04:52 INFO  [main] base.BasePage BasePage.java70 - pass:continueinlogin  element clicked
20230217 15:05:45 INFO  [main] base.BaseTest BaseTest.java44 - Started test script
20230217 15:05:49 INFO  [main] base.BaseTest BaseTest.java57 - goint to urlhttps://login.salesforce.com/
20230217 15:05:54 INFO  [main] base.BasePage BasePage.java58 - pass:usernameElement  element cleared
20230217 15:05:57 INFO  [main] base.BasePage BasePage.java70 - pass:forgotPass  element clicked
20230217 15:05:58 INFO  [main] base.BasePage BasePage.java70 - pass:continueinlogin  element clicked
20230217 15:06:34 INFO  [main] base.BaseTest BaseTest.java44 - Started test script
20230217 15:06:38 INFO  [main] base.BaseTest BaseTest.java57 - goint to urlhttps://login.salesforce.com/
20230217 15:06:41 INFO  [main] tests.SalesforceTestAutomation SalesforceTestAutomation.java24 - Inside saesforce error login
20230217 15:06:43 INFO  [main] base.BasePage BasePage.java58 - pass:usernameElement  element cleared
20230217 15:06:46 INFO  [main] base.BasePage BasePage.java58 - pass:Password  element cleared
20230217 15:07:21 INFO  [main] base.BaseTest BaseTest.java44 - Started test script
20230217 15:07:25 INFO  [main] base.BaseTest BaseTest.java57 - goint to urlhttps://login.salesforce.com/
20230217 15:07:28 INFO  [main] tests.SalesforceTestAutomation SalesforceTestAutomation.java24 - Inside saesforce error login
20230217 15:07:29 INFO  [main] base.BasePage BasePage.java58 - pass:usernameElement  element cleared
20230217 15:07:32 INFO  [main] base.BasePage BasePage.java58 - pass:Password  element cleared
20230217 15:11:58 INFO  [main] base.BaseTest BaseTest.java44 - Started test script
20230217 15:12:01 INFO  [main] base.BaseTest BaseTest.java57 - goint to urlhttps://login.salesforce.com/
20230217 15:12:05 INFO  [main] tests.SalesforceTestAutomation SalesforceTestAutomation.java24 - Inside saesforce error login
20230217 15:12:06 INFO  [main] base.BasePage BasePage.java58 - pass:usernameElement  element cleared
20230217 15:12:08 INFO  [main] base.BasePage BasePage.java58 - pass:Password  element cleared
20230217 15:12:11 INFO  [main] base.BasePage BasePage.java70 - pass:loginButton  element clicked
20230217 15:18:44 INFO  [main] base.BaseTest BaseTest.java44 - Started test script
20230217 15:18:48 INFO  [main] base.BaseTest BaseTest.java57 - goint to urlhttps://login.salesforce.com/
20230217 15:18:53 INFO  [main] base.BasePage BasePage.java58 - pass:usernameElement  element cleared
20230217 15:18:57 INFO  [main] base.BasePage BasePage.java70 - pass:forgotPass  element clicked
20230217 15:18:58 INFO  [main] base.BasePage BasePage.java70 - pass:continueinlogin  element clicked
20230217 15:19:00 INFO  [main] base.BaseTest BaseTest.java44 - Started test script
20230217 15:19:03 INFO  [main] base.BaseTest BaseTest.java57 - goint to urlhttps://login.salesforce.com/
20230217 15:19:06 INFO  [main] base.BasePage BasePage.java58 - pass:usernameElement  element cleared
20230217 15:19:09 INFO  [main] base.BasePage BasePage.java58 - pass:Password  element cleared
20230217 15:19:11 INFO  [main] base.BasePage BasePage.java70 - pass:remember  element clicked
20230217 15:19:26 INFO  [main] base.BasePage BasePage.java70 - pass:loginButton  element clicked
20230217 15:19:27 INFO  [main] base.BaseTest BaseTest.java44 - Started test script
20230217 15:19:32 INFO  [main] base.BaseTest BaseTest.java57 - goint to urlhttps://login.salesforce.com/
20230217 15:19:36 INFO  [main] base.BasePage BasePage.java58 - pass:usernameElement  element cleared
20230217 15:19:38 INFO  [main] base.BasePage BasePage.java58 - pass:Password  element cleared
20230217 15:19:40 INFO  [main] base.BasePage BasePage.java70 - pass:remember  element clicked
20230217 15:19:48 INFO  [main] base.BasePage BasePage.java70 - pass:loginButton  element clicked
20230217 15:19:48 INFO  [main] base.BasePage BasePage.java75 - fail:logout element not displayed
20230217 15:19:48 INFO  [main] base.BasePage BasePage.java75 - fail:logout element not displayed
20230217 15:19:49 INFO  [main] base.BaseTest BaseTest.java44 - Started test script
20230217 15:19:51 INFO  [main] base.BaseTest BaseTest.java57 - goint to urlhttps://login.salesforce.com/
20230217 15:19:53 INFO  [main] tests.SalesforceTestAutomation SalesforceTestAutomation.java24 - Inside saesforce error login
20230217 15:19:53 INFO  [main] base.BasePage BasePage.java58 - pass:usernameElement  element cleared
20230217 15:19:54 INFO  [main] base.BasePage BasePage.java58 - pass:Password  element cleared
20230217 15:19:55 INFO  [main] base.BasePage BasePage.java70 - pass:loginButton  element clicked
20230217 15:19:55 INFO  [main] base.BaseTest BaseTest.java44 - Started test script
20230217 15:19:58 INFO  [main] base.BaseTest BaseTest.java57 - goint to urlhttps://login.salesforce.com/
20230217 15:20:00 INFO  [main] base.BasePage BasePage.java58 - pass:usernameElement  element cleared
20230217 15:20:01 INFO  [main] base.BasePage BasePage.java58 - pass:Password  element cleared
20230217 15:20:05 INFO  [main] base.BasePage BasePage.java70 - pass:loginButton  element clicked
